Determining if the pthread_create exist failed with the following output:
Change Dir: /home/pang/software/okvis/3rdparts/ceres/build/CMakeFiles/CMakeTmp

Run Build Command:/usr/bin/make "cmTryCompileExec3393641499/fast"
/usr/bin/make -f CMakeFiles/cmTryCompileExec3393641499.dir/build.make CMakeFiles/cmTryCompileExec3393641499.dir/build
make[1]: Entering directory `/home/pang/software/okvis/3rdparts/ceres/build/CMakeFiles/CMakeTmp'
/usr/bin/cmake -E cmake_progress_report /home/pang/software/okvis/3rdparts/ceres/build/CMakeFiles/CMakeTmp/CMakeFiles 1
Building C object CMakeFiles/cmTryCompileExec3393641499.dir/CheckSymbolExists.c.o
/usr/bin/cc    -o CMakeFiles/cmTryCompileExec3393641499.dir/CheckSymbolExists.c.o   -c /home/pang/software/okvis/3rdparts/ceres/build/CMakeFiles/CMakeTmp/CheckSymbolExists.c
Linking C executable cmTryCompileExec3393641499
/usr/bin/cmake -E cmake_link_script CMakeFiles/cmTryCompileExec3393641499.dir/link.txt --verbose=1
/usr/bin/cc       CMakeFiles/cmTryCompileExec3393641499.dir/CheckSymbolExists.c.o  -o cmTryCompileExec3393641499 -rdynamic 
CMakeFiles/cmTryCompileExec3393641499.dir/CheckSymbolExists.c.o: In function `main':
CheckSymbolExists.c:(.text+0x16): undefined reference to `pthread_create'
collect2: error: ld returned 1 exit status
make[1]: *** [cmTryCompileExec3393641499] Error 1
make[1]: Leaving directory `/home/pang/software/okvis/3rdparts/ceres/build/CMakeFiles/CMakeTmp'
make: *** [cmTryCompileExec3393641499/fast] Error 2

File /home/pang/software/okvis/3rdparts/ceres/build/CMakeFiles/CMakeTmp/CheckSymbolExists.c:
/* */
#include <pthread.h>

int main(int argc, char** argv)
{
  (void)argv;
#ifndef pthread_create
  return ((int*)(&pthread_create))[argc];
#else
  (void)argc;
  return 0;
#endif
}

Determining if the function pthread_create exists in the pthreads failed with the following output:
Change Dir: /home/pang/software/okvis/3rdparts/ceres/build/CMakeFiles/CMakeTmp

Run Build Command:/usr/bin/make "cmTryCompileExec1399191440/fast"
/usr/bin/make -f CMakeFiles/cmTryCompileExec1399191440.dir/build.make CMakeFiles/cmTryCompileExec1399191440.dir/build
make[1]: Entering directory `/home/pang/software/okvis/3rdparts/ceres/build/CMakeFiles/CMakeTmp'
/usr/bin/cmake -E cmake_progress_report /home/pang/software/okvis/3rdparts/ceres/build/CMakeFiles/CMakeTmp/CMakeFiles 1
Building C object CMakeFiles/cmTryCompileExec1399191440.dir/CheckFunctionExists.c.o
/usr/bin/cc   -DCHECK_FUNCTION_EXISTS=pthread_create   -o CMakeFiles/cmTryCompileExec1399191440.dir/CheckFunctionExists.c.o   -c /usr/share/cmake-2.8/Modules/CheckFunctionExists.c
Linking C executable cmTryCompileExec1399191440
/usr/bin/cmake -E cmake_link_script CMakeFiles/cmTryCompileExec1399191440.dir/link.txt --verbose=1
/usr/bin/cc   -DCHECK_FUNCTION_EXISTS=pthread_create    CMakeFiles/cmTryCompileExec1399191440.dir/CheckFunctionExists.c.o  -o cmTryCompileExec1399191440 -rdynamic -lpthreads 
/usr/bin/ld: cannot find -lpthreads
collect2: error: ld returned 1 exit status
make[1]: *** [cmTryCompileExec1399191440] Error 1
make[1]: Leaving directory `/home/pang/software/okvis/3rdparts/ceres/build/CMakeFiles/CMakeTmp'
make: *** [cmTryCompileExec1399191440/fast] Error 2


Determining if the include file unordered_map exists failed with the following output:
Change Dir: /home/pang/software/okvis/3rdparts/ceres/build/CMakeFiles/CMakeTmp

Run Build Command:/usr/bin/make "cmTryCompileExec3171299140/fast"
/usr/bin/make -f CMakeFiles/cmTryCompileExec3171299140.dir/build.make CMakeFiles/cmTryCompileExec3171299140.dir/build
make[1]: Entering directory `/home/pang/software/okvis/3rdparts/ceres/build/CMakeFiles/CMakeTmp'
/usr/bin/cmake -E cmake_progress_report /home/pang/software/okvis/3rdparts/ceres/build/CMakeFiles/CMakeTmp/CMakeFiles 1
Building CXX object CMakeFiles/cmTryCompileExec3171299140.dir/CheckIncludeFile.cxx.o
/usr/bin/c++    -fopenmp    -o CMakeFiles/cmTryCompileExec3171299140.dir/CheckIncludeFile.cxx.o -c /home/pang/software/okvis/3rdparts/ceres/build/CMakeFiles/CMakeTmp/CheckIncludeFile.cxx
In file included from /usr/include/c++/4.8/unordered_map:35:0,
                 from /home/pang/software/okvis/3rdparts/ceres/build/CMakeFiles/CMakeTmp/CheckIncludeFile.cxx:1:
/usr/include/c++/4.8/bits/c++0x_warning.h:32:2: error: #error This file requires compiler and library support for the ISO C++ 2011 standard. This support is currently experimental, and must be enabled with the -std=c++11 or -std=gnu++11 compiler options.
 #error This file requires compiler and library support for the \
  ^
make[1]: *** [CMakeFiles/cmTryCompileExec3171299140.dir/CheckIncludeFile.cxx.o] Error 1
make[1]: Leaving directory `/home/pang/software/okvis/3rdparts/ceres/build/CMakeFiles/CMakeTmp'
make: *** [cmTryCompileExec3171299140/fast] Error 2


Performing C++ SOURCE FILE Test HAVE_SHARED_PTR_IN_STD_NAMESPACE failed with the following output:
Change Dir: /home/pang/software/okvis/3rdparts/ceres/build/CMakeFiles/CMakeTmp

Run Build Command:/usr/bin/make "cmTryCompileExec1127658671/fast"
/usr/bin/make -f CMakeFiles/cmTryCompileExec1127658671.dir/build.make CMakeFiles/cmTryCompileExec1127658671.dir/build
make[1]: Entering directory `/home/pang/software/okvis/3rdparts/ceres/build/CMakeFiles/CMakeTmp'
/usr/bin/cmake -E cmake_progress_report /home/pang/software/okvis/3rdparts/ceres/build/CMakeFiles/CMakeTmp/CMakeFiles 1
Building CXX object CMakeFiles/cmTryCompileExec1127658671.dir/src.cxx.o
/usr/bin/c++    -fopenmp -DHAVE_SHARED_PTR_IN_STD_NAMESPACE   -o CMakeFiles/cmTryCompileExec1127658671.dir/src.cxx.o -c /home/pang/software/okvis/3rdparts/ceres/build/CMakeFiles/CMakeTmp/src.cxx
/home/pang/software/okvis/3rdparts/ceres/build/CMakeFiles/CMakeTmp/src.cxx: In function ‘int main()’:
/home/pang/software/okvis/3rdparts/ceres/build/CMakeFiles/CMakeTmp/src.cxx:3:34: error: ‘shared_ptr’ is not a member of ‘std’
                                  std::shared_ptr<int> int_ptr;
                                  ^
/home/pang/software/okvis/3rdparts/ceres/build/CMakeFiles/CMakeTmp/src.cxx:3:50: error: expected primary-expression before ‘int’
                                  std::shared_ptr<int> int_ptr;
                                                  ^
/home/pang/software/okvis/3rdparts/ceres/build/CMakeFiles/CMakeTmp/src.cxx:3:50: error: expected ‘;’ before ‘int’
make[1]: *** [CMakeFiles/cmTryCompileExec1127658671.dir/src.cxx.o] Error 1
make[1]: Leaving directory `/home/pang/software/okvis/3rdparts/ceres/build/CMakeFiles/CMakeTmp'
make: *** [cmTryCompileExec1127658671/fast] Error 2

Source file was:
#include <memory>
                               int main() {
                                 std::shared_ptr<int> int_ptr;
                                 return 0;
                               }
Performing C++ SOURCE FILE Test HAVE_SHARED_PTR_IN_TR1_NAMESPACE failed with the following output:
Change Dir: /home/pang/software/okvis/3rdparts/ceres/build/CMakeFiles/CMakeTmp

Run Build Command:/usr/bin/make "cmTryCompileExec1594180006/fast"
/usr/bin/make -f CMakeFiles/cmTryCompileExec1594180006.dir/build.make CMakeFiles/cmTryCompileExec1594180006.dir/build
make[1]: Entering directory `/home/pang/software/okvis/3rdparts/ceres/build/CMakeFiles/CMakeTmp'
/usr/bin/cmake -E cmake_progress_report /home/pang/software/okvis/3rdparts/ceres/build/CMakeFiles/CMakeTmp/CMakeFiles 1
Building CXX object CMakeFiles/cmTryCompileExec1594180006.dir/src.cxx.o
/usr/bin/c++    -fopenmp -DHAVE_SHARED_PTR_IN_TR1_NAMESPACE   -o CMakeFiles/cmTryCompileExec1594180006.dir/src.cxx.o -c /home/pang/software/okvis/3rdparts/ceres/build/CMakeFiles/CMakeTmp/src.cxx
/home/pang/software/okvis/3rdparts/ceres/build/CMakeFiles/CMakeTmp/src.cxx: In function ‘int main()’:
/home/pang/software/okvis/3rdparts/ceres/build/CMakeFiles/CMakeTmp/src.cxx:3:41: error: ‘std::tr1’ has not been declared
                                    std::tr1::shared_ptr<int> int_ptr;
                                         ^
/home/pang/software/okvis/3rdparts/ceres/build/CMakeFiles/CMakeTmp/src.cxx:3:57: error: expected primary-expression before ‘int’
                                    std::tr1::shared_ptr<int> int_ptr;
                                                         ^
/home/pang/software/okvis/3rdparts/ceres/build/CMakeFiles/CMakeTmp/src.cxx:3:57: error: expected ‘;’ before ‘int’
make[1]: *** [CMakeFiles/cmTryCompileExec1594180006.dir/src.cxx.o] Error 1
make[1]: Leaving directory `/home/pang/software/okvis/3rdparts/ceres/build/CMakeFiles/CMakeTmp'
make: *** [cmTryCompileExec1594180006/fast] Error 2

Source file was:
#include <memory>
                                 int main() {
                                   std::tr1::shared_ptr<int> int_ptr;
                                   return 0;
                                 }
